/usr/local/bin/quast.py --threads 4 --rna-finding --min-contig 0 --min-identity 90.0 bc2121_select_contigs_size1000.fasta bc2122_select_contigs_size1000.fasta bc2123_select_contigs_size1000.fasta bc2124_select_contigs_size1000.fasta bc2125_select_contigs_size1000.fasta bc2126_select_contigs_size1000.fasta bc2127_select_contigs_size1000.fasta bc2128_select_contigs_size1000.fasta bc2161_select_contigs_size1000.fasta bc2162_select_contigs_size1000.fasta bc2163_select_contigs_size1000.fasta bc2164_select_contigs_size1000.fasta bc2165_select_contigs_size1000.fasta bc2166_select_contigs_size1000.fasta bc2167_select_contigs_size1000.fasta bc2168_select_contigs_size1000.fasta bc2169_select_contigs_size1000.fasta bc2170_select_contigs_size1000.fasta bc2171_select_contigs_size1000.fasta bc2172_select_contigs_size1000.fasta bc2173_select_contigs_size1000.fasta bc2174_select_contigs_size1000.fasta bc2175_select_contigs_size1000.fasta bc2176_select_contigs_size1000.fasta -o /data/users/fkurz/metagenomics/output_hifiasm_01/work/e0/b1c951babe84989eb0e7d10a1e1947/assembly_metric --labels "bc2121_select_contigs_size1000, bc2122_select_contigs_size1000, bc2123_select_contigs_size1000, bc2124_select_contigs_size1000, bc2125_select_contigs_size1000, bc2126_select_contigs_size1000, bc2127_select_contigs_size1000, bc2128_select_contigs_size1000, bc2161_select_contigs_size1000, bc2162_select_contigs_size1000, bc2163_select_contigs_size1000, bc2164_select_contigs_size1000, bc2165_select_contigs_size1000, bc2166_select_contigs_size1000, bc2167_select_contigs_size1000, bc2168_select_contigs_size1000, bc2169_select_contigs_size1000, bc2170_select_contigs_size1000, bc2171_select_contigs_size1000, bc2172_select_contigs_size1000, bc2173_select_contigs_size1000, bc2174_select_contigs_size1000, bc2175_select_contigs_size1000, bc2176_select_contigs_size1000"

Version: 5.3.0

System information:
  OS: Linux-4.18.0-553.85.1.el8_10.x86_64-x86_64-with-glibc2.36 (linux_64)
  Python version: 3.11.9
  CPUs number: 128

Started: 2025-12-11 18:55:23

Logging to /data/users/fkurz/metagenomics/output_hifiasm_01/work/e0/b1c951babe84989eb0e7d10a1e1947/assembly_metric/quast.log
NOTICE: Output directory already exists and looks like a QUAST output dir. Existing results can be reused (e.g. previously generated alignments)!

CWD: /data/users/fkurz/metagenomics/output_hifiasm_01/work/e0/b1c951babe84989eb0e7d10a1e1947
Main parameters: 
  MODE: meta, threads: 4, min contig length: 0, min alignment length: 65, min alignment IDY: 90.0, \
  ambiguity: one, min local misassembly length: 200, min extensive misassembly length: 1000

Contigs:
  Pre-processing...
  1  bc2121_select_contigs_size1000.fasta ==> bc2121_select_contigs_size1000
  2  bc2122_select_contigs_size1000.fasta ==> bc2122_select_contigs_size1000
  3  bc2123_select_contigs_size1000.fasta ==> bc2123_select_contigs_size1000
  4  bc2124_select_contigs_size1000.fasta ==> bc2124_select_contigs_size1000
  5  bc2125_select_contigs_size1000.fasta ==> bc2125_select_contigs_size1000
  6  bc2126_select_contigs_size1000.fasta ==> bc2126_select_contigs_size1000
  7  bc2127_select_contigs_size1000.fasta ==> bc2127_select_contigs_size1000
  8  bc2128_select_contigs_size1000.fasta ==> bc2128_select_contigs_size1000
  9  bc2161_select_contigs_size1000.fasta ==> bc2161_select_contigs_size1000
  10 bc2162_select_contigs_size1000.fasta ==> bc2162_select_contigs_size1000
  11 bc2163_select_contigs_size1000.fasta ==> bc2163_select_contigs_size1000
  12 bc2164_select_contigs_size1000.fasta ==> bc2164_select_contigs_size1000
  13 bc2165_select_contigs_size1000.fasta ==> bc2165_select_contigs_size1000
  14 bc2166_select_contigs_size1000.fasta ==> bc2166_select_contigs_size1000
  15 bc2167_select_contigs_size1000.fasta ==> bc2167_select_contigs_size1000
  16 bc2168_select_contigs_size1000.fasta ==> bc2168_select_contigs_size1000
  17 bc2169_select_contigs_size1000.fasta ==> bc2169_select_contigs_size1000
  18 bc2170_select_contigs_size1000.fasta ==> bc2170_select_contigs_size1000
  19 bc2171_select_contigs_size1000.fasta ==> bc2171_select_contigs_size1000
  20 bc2172_select_contigs_size1000.fasta ==> bc2172_select_contigs_size1000
  21 bc2173_select_contigs_size1000.fasta ==> bc2173_select_contigs_size1000
  22 bc2174_select_contigs_size1000.fasta ==> bc2174_select_contigs_size1000
  23 bc2175_select_contigs_size1000.fasta ==> bc2175_select_contigs_size1000
  24 bc2176_select_contigs_size1000.fasta ==> bc2176_select_contigs_size1000

2025-12-11 18:55:40
Running Basic statistics processor...
  Contig files: 
    1  bc2121_select_contigs_size1000
    2  bc2122_select_contigs_size1000
    3  bc2123_select_contigs_size1000
    4  bc2124_select_contigs_size1000
    5  bc2125_select_contigs_size1000
    6  bc2126_select_contigs_size1000
    7  bc2127_select_contigs_size1000
    8  bc2128_select_contigs_size1000
    9  bc2161_select_contigs_size1000
    10 bc2162_select_contigs_size1000
    11 bc2163_select_contigs_size1000
    12 bc2164_select_contigs_size1000
    13 bc2165_select_contigs_size1000
    14 bc2166_select_contigs_size1000
    15 bc2167_select_contigs_size1000
    16 bc2168_select_contigs_size1000
    17 bc2169_select_contigs_size1000
    18 bc2170_select_contigs_size1000
    19 bc2171_select_contigs_size1000
    20 bc2172_select_contigs_size1000
    21 bc2173_select_contigs_size1000
    22 bc2174_select_contigs_size1000
    23 bc2175_select_contigs_size1000
    24 bc2176_select_contigs_size1000
  Calculating N50 and L50...
    1  bc2121_select_contigs_size1000, N50 = 210354, L50 = 65, auN = 1737417.3, Total length = 66363466, GC % = 64.02, # N's per 100 kbp =  0.00
    2  bc2122_select_contigs_size1000, N50 = 232049, L50 = 140, auN = 1173338.6, Total length = 210922174, GC % = 60.53, # N's per 100 kbp =  0.00
    3  bc2123_select_contigs_size1000, N50 = 3909435, L50 = 6, auN = 3478612.2, Total length = 64902627, GC % = 70.72, # N's per 100 kbp =  0.00
    4  bc2124_select_contigs_size1000, N50 = 191555, L50 = 96, auN = 1523327.3, Total length = 140863752, GC % = 58.32, # N's per 100 kbp =  0.00
    5  bc2125_select_contigs_size1000, N50 = 2300400, L50 = 13, auN = 2724961.8, Total length = 92566542, GC % = 51.63, # N's per 100 kbp =  0.00
    6  bc2126_select_contigs_size1000, N50 = 2022488, L50 = 14, auN = 2929562.0, Total length = 114569058, GC % = 52.56, # N's per 100 kbp =  0.00
    7  bc2127_select_contigs_size1000, N50 = 3820664, L50 = 12, auN = 3558519.8, Total length = 128910244, GC % = 48.71, # N's per 100 kbp =  0.00
    8  bc2128_select_contigs_size1000, N50 = 2109143, L50 = 9, auN = 3014071.4, Total length = 92386496, GC % = 54.03, # N's per 100 kbp =  0.00
    9  bc2161_select_contigs_size1000, N50 = 4345969, L50 = 10, auN = 3429034.4, Total length = 105928087, GC % = 63.64, # N's per 100 kbp =  0.00
    10 bc2162_select_contigs_size1000, N50 = 276702, L50 = 54, auN = 1951860.8, Total length = 181866166, GC % = 67.09, # N's per 100 kbp =  0.00
    11 bc2163_select_contigs_size1000, N50 = 175020, L50 = 21, auN = 2241234.5, Total length = 76848011, GC % = 56.27, # N's per 100 kbp =  0.00
    12 bc2164_select_contigs_size1000, N50 = 351136, L50 = 17, auN = 1933728.3, Total length = 65247350, GC % = 60.89, # N's per 100 kbp =  0.00
    13 bc2165_select_contigs_size1000, N50 = 2802445, L50 = 11, auN = 2779239.3, Total length = 102422094, GC % = 63.43, # N's per 100 kbp =  0.00
    14 bc2166_select_contigs_size1000, N50 = 207085, L50 = 105, auN = 1778478.7, Total length = 154921777, GC % = 58.93, # N's per 100 kbp =  0.00
    15 bc2167_select_contigs_size1000, N50 = 3081641, L50 = 8, auN = 2983962.0, Total length = 65950107, GC % = 57.60, # N's per 100 kbp =  0.00
    16 bc2168_select_contigs_size1000, N50 = 4074711, L50 = 4, auN = 3895983.7, Total length = 40085885, GC % = 49.93, # N's per 100 kbp =  0.00
    17 bc2169_select_contigs_size1000, N50 = 575324, L50 = 46, auN = 2096247.2, Total length = 247830322, GC % = 65.99, # N's per 100 kbp =  0.00
    18 bc2170_select_contigs_size1000, N50 = 244485, L50 = 22, auN = 2246347.5, Total length = 70971502, GC % = 59.91, # N's per 100 kbp =  0.00
    19 bc2171_select_contigs_size1000, N50 = 473899, L50 = 30, auN = 1872098.6, Total length = 133039126, GC % = 61.73, # N's per 100 kbp =  0.00
    20 bc2172_select_contigs_size1000, N50 = 2117933, L50 = 10, auN = 2606788.0, Total length = 79936471, GC % = 51.96, # N's per 100 kbp =  0.00
    21 bc2173_select_contigs_size1000, N50 = 477207, L50 = 24, auN = 2401061.4, Total length = 138506351, GC % = 63.74, # N's per 100 kbp =  0.00
    22 bc2174_select_contigs_size1000, N50 = 4256840, L50 = 7, auN = 4430576.6, Total length = 85041923, GC % = 67.38, # N's per 100 kbp =  0.00
    23 bc2175_select_contigs_size1000, N50 = 648154, L50 = 16, auN = 733479.6, Total length = 29356424, GC % = 47.60, # N's per 100 kbp =  0.00
    24 bc2176_select_contigs_size1000, N50 = 4075717, L50 = 4, auN = 4157835.1, Total length = 37845507, GC % = 47.51, # N's per 100 kbp =  0.00
  Drawing Nx plot...
    saved to /data/users/fkurz/metagenomics/output_hifiasm_01/work/e0/b1c951babe84989eb0e7d10a1e1947/assembly_metric/basic_stats/Nx_plot.pdf
  Drawing cumulative plot...
    saved to /data/users/fkurz/metagenomics/output_hifiasm_01/work/e0/b1c951babe84989eb0e7d10a1e1947/assembly_metric/basic_stats/cumulative_plot.pdf
  Drawing GC content plot...
    saved to /data/users/fkurz/metagenomics/output_hifiasm_01/work/e0/b1c951babe84989eb0e7d10a1e1947/assembly_metric/basic_stats/GC_content_plot.pdf
  Drawing bc2121_select_contigs_size1000 GC content plot...
    saved to /data/users/fkurz/metagenomics/output_hifiasm_01/work/e0/b1c951babe84989eb0e7d10a1e1947/assembly_metric/basic_stats/bc2121_select_contigs_size1000_GC_content_plot.pdf
  Drawing bc2122_select_contigs_size1000 GC content plot...
    saved to /data/users/fkurz/metagenomics/output_hifiasm_01/work/e0/b1c951babe84989eb0e7d10a1e1947/assembly_metric/basic_stats/bc2122_select_contigs_size1000_GC_content_plot.pdf
  Drawing bc2123_select_contigs_size1000 GC content plot...
    saved to /data/users/fkurz/metagenomics/output_hifiasm_01/work/e0/b1c951babe84989eb0e7d10a1e1947/assembly_metric/basic_stats/bc2123_select_contigs_size1000_GC_content_plot.pdf
  Drawing bc2124_select_contigs_size1000 GC content plot...
    saved to /data/users/fkurz/metagenomics/output_hifiasm_01/work/e0/b1c951babe84989eb0e7d10a1e1947/assembly_metric/basic_stats/bc2124_select_contigs_size1000_GC_content_plot.pdf
  Drawing bc2125_select_contigs_size1000 GC content plot...
    saved to /data/users/fkurz/metagenomics/output_hifiasm_01/work/e0/b1c951babe84989eb0e7d10a1e1947/assembly_metric/basic_stats/bc2125_select_contigs_size1000_GC_content_plot.pdf
  Drawing bc2126_select_contigs_size1000 GC content plot...
    saved to /data/users/fkurz/metagenomics/output_hifiasm_01/work/e0/b1c951babe84989eb0e7d10a1e1947/assembly_metric/basic_stats/bc2126_select_contigs_size1000_GC_content_plot.pdf
  Drawing bc2127_select_contigs_size1000 GC content plot...
    saved to /data/users/fkurz/metagenomics/output_hifiasm_01/work/e0/b1c951babe84989eb0e7d10a1e1947/assembly_metric/basic_stats/bc2127_select_contigs_size1000_GC_content_plot.pdf
  Drawing bc2128_select_contigs_size1000 GC content plot...
    saved to /data/users/fkurz/metagenomics/output_hifiasm_01/work/e0/b1c951babe84989eb0e7d10a1e1947/assembly_metric/basic_stats/bc2128_select_contigs_size1000_GC_content_plot.pdf
  Drawing bc2161_select_contigs_size1000 GC content plot...
    saved to /data/users/fkurz/metagenomics/output_hifiasm_01/work/e0/b1c951babe84989eb0e7d10a1e1947/assembly_metric/basic_stats/bc2161_select_contigs_size1000_GC_content_plot.pdf
  Drawing bc2162_select_contigs_size1000 GC content plot...
    saved to /data/users/fkurz/metagenomics/output_hifiasm_01/work/e0/b1c951babe84989eb0e7d10a1e1947/assembly_metric/basic_stats/bc2162_select_contigs_size1000_GC_content_plot.pdf
  Drawing bc2163_select_contigs_size1000 GC content plot...
    saved to /data/users/fkurz/metagenomics/output_hifiasm_01/work/e0/b1c951babe84989eb0e7d10a1e1947/assembly_metric/basic_stats/bc2163_select_contigs_size1000_GC_content_plot.pdf
  Drawing bc2164_select_contigs_size1000 GC content plot...
    saved to /data/users/fkurz/metagenomics/output_hifiasm_01/work/e0/b1c951babe84989eb0e7d10a1e1947/assembly_metric/basic_stats/bc2164_select_contigs_size1000_GC_content_plot.pdf
  Drawing bc2165_select_contigs_size1000 GC content plot...
    saved to /data/users/fkurz/metagenomics/output_hifiasm_01/work/e0/b1c951babe84989eb0e7d10a1e1947/assembly_metric/basic_stats/bc2165_select_contigs_size1000_GC_content_plot.pdf
  Drawing bc2166_select_contigs_size1000 GC content plot...
    saved to /data/users/fkurz/metagenomics/output_hifiasm_01/work/e0/b1c951babe84989eb0e7d10a1e1947/assembly_metric/basic_stats/bc2166_select_contigs_size1000_GC_content_plot.pdf
  Drawing bc2167_select_contigs_size1000 GC content plot...
    saved to /data/users/fkurz/metagenomics/output_hifiasm_01/work/e0/b1c951babe84989eb0e7d10a1e1947/assembly_metric/basic_stats/bc2167_select_contigs_size1000_GC_content_plot.pdf
  Drawing bc2168_select_contigs_size1000 GC content plot...
    saved to /data/users/fkurz/metagenomics/output_hifiasm_01/work/e0/b1c951babe84989eb0e7d10a1e1947/assembly_metric/basic_stats/bc2168_select_contigs_size1000_GC_content_plot.pdf
  Drawing bc2169_select_contigs_size1000 GC content plot...
    saved to /data/users/fkurz/metagenomics/output_hifiasm_01/work/e0/b1c951babe84989eb0e7d10a1e1947/assembly_metric/basic_stats/bc2169_select_contigs_size1000_GC_content_plot.pdf
  Drawing bc2170_select_contigs_size1000 GC content plot...
    saved to /data/users/fkurz/metagenomics/output_hifiasm_01/work/e0/b1c951babe84989eb0e7d10a1e1947/assembly_metric/basic_stats/bc2170_select_contigs_size1000_GC_content_plot.pdf
  Drawing bc2171_select_contigs_size1000 GC content plot...
    saved to /data/users/fkurz/metagenomics/output_hifiasm_01/work/e0/b1c951babe84989eb0e7d10a1e1947/assembly_metric/basic_stats/bc2171_select_contigs_size1000_GC_content_plot.pdf
  Drawing bc2172_select_contigs_size1000 GC content plot...
    saved to /data/users/fkurz/metagenomics/output_hifiasm_01/work/e0/b1c951babe84989eb0e7d10a1e1947/assembly_metric/basic_stats/bc2172_select_contigs_size1000_GC_content_plot.pdf
  Drawing bc2173_select_contigs_size1000 GC content plot...
    saved to /data/users/fkurz/metagenomics/output_hifiasm_01/work/e0/b1c951babe84989eb0e7d10a1e1947/assembly_metric/basic_stats/bc2173_select_contigs_size1000_GC_content_plot.pdf
  Drawing bc2174_select_contigs_size1000 GC content plot...
    saved to /data/users/fkurz/metagenomics/output_hifiasm_01/work/e0/b1c951babe84989eb0e7d10a1e1947/assembly_metric/basic_stats/bc2174_select_contigs_size1000_GC_content_plot.pdf
  Drawing bc2175_select_contigs_size1000 GC content plot...
    saved to /data/users/fkurz/metagenomics/output_hifiasm_01/work/e0/b1c951babe84989eb0e7d10a1e1947/assembly_metric/basic_stats/bc2175_select_contigs_size1000_GC_content_plot.pdf
  Drawing bc2176_select_contigs_size1000 GC content plot...
    saved to /data/users/fkurz/metagenomics/output_hifiasm_01/work/e0/b1c951babe84989eb0e7d10a1e1947/assembly_metric/basic_stats/bc2176_select_contigs_size1000_GC_content_plot.pdf
Done.

NOTICE: Genes are not predicted by default. Use --gene-finding or --glimmer option to enable it.

2025-12-11 18:57:11
Running Barrnap...
Logging to /data/users/fkurz/metagenomics/output_hifiasm_01/work/e0/b1c951babe84989eb0e7d10a1e1947/assembly_metric/predicted_genes/barrnap.log...
/usr/local/lib/python3.11/site-packages/quast_libs/barrnap/bin/barrnap --quiet -k \
bac --threads 1 assembly_metric/quast_corrected_input/bc2121_select_contigs_size1000.fasta \
> assembly_metric/predicted_genes/bc2121_select_contigs_size1000.rna.gff 2>> assembly_metric/predicted_genes/barrnap.log
/usr/local/lib/python3.11/site-packages/quast_libs/barrnap/bin/barrnap --quiet -k \
bac --threads 1 assembly_metric/quast_corrected_input/bc2123_select_contigs_size1000.fasta \
> assembly_metric/predicted_genes/bc2123_select_contigs_size1000.rna.gff 2>> assembly_metric/predicted_genes/barrnap.log
/usr/local/lib/python3.11/site-packages/quast_libs/barrnap/bin/barrnap --quiet -k \
bac --threads 1 assembly_metric/quast_corrected_input/bc2122_select_contigs_size1000.fasta \
> assembly_metric/predicted_genes/bc2122_select_contigs_size1000.rna.gff 2>> assembly_metric/predicted_genes/barrnap.log
/usr/local/lib/python3.11/site-packages/quast_libs/barrnap/bin/barrnap --quiet -k \
bac --threads 1 assembly_metric/quast_corrected_input/bc2124_select_contigs_size1000.fasta \
> assembly_metric/predicted_genes/bc2124_select_contigs_size1000.rna.gff 2>> assembly_metric/predicted_genes/barrnap.log
/usr/local/lib/python3.11/site-packages/quast_libs/barrnap/bin/barrnap --quiet -k \
bac --threads 1 assembly_metric/quast_corrected_input/bc2125_select_contigs_size1000.fasta \
> assembly_metric/predicted_genes/bc2125_select_contigs_size1000.rna.gff 2>> assembly_metric/predicted_genes/barrnap.log
/usr/local/lib/python3.11/site-packages/quast_libs/barrnap/bin/barrnap --quiet -k \
bac --threads 1 assembly_metric/quast_corrected_input/bc2126_select_contigs_size1000.fasta \
> assembly_metric/predicted_genes/bc2126_select_contigs_size1000.rna.gff 2>> assembly_metric/predicted_genes/barrnap.log
/usr/local/lib/python3.11/site-packages/quast_libs/barrnap/bin/barrnap --quiet -k \
bac --threads 1 assembly_metric/quast_corrected_input/bc2127_select_contigs_size1000.fasta \
> assembly_metric/predicted_genes/bc2127_select_contigs_size1000.rna.gff 2>> assembly_metric/predicted_genes/barrnap.log
/usr/local/lib/python3.11/site-packages/quast_libs/barrnap/bin/barrnap --quiet -k \
bac --threads 1 assembly_metric/quast_corrected_input/bc2128_select_contigs_size1000.fasta \
> assembly_metric/predicted_genes/bc2128_select_contigs_size1000.rna.gff 2>> assembly_metric/predicted_genes/barrnap.log
/usr/local/lib/python3.11/site-packages/quast_libs/barrnap/bin/barrnap --quiet -k \
bac --threads 1 assembly_metric/quast_corrected_input/bc2161_select_contigs_size1000.fasta \
> assembly_metric/predicted_genes/bc2161_select_contigs_size1000.rna.gff 2>> assembly_metric/predicted_genes/barrnap.log
/usr/local/lib/python3.11/site-packages/quast_libs/barrnap/bin/barrnap --quiet -k \
bac --threads 1 assembly_metric/quast_corrected_input/bc2162_select_contigs_size1000.fasta \
> assembly_metric/predicted_genes/bc2162_select_contigs_size1000.rna.gff 2>> assembly_metric/predicted_genes/barrnap.log
/usr/local/lib/python3.11/site-packages/quast_libs/barrnap/bin/barrnap --quiet -k \
bac --threads 1 assembly_metric/quast_corrected_input/bc2163_select_contigs_size1000.fasta \
> assembly_metric/predicted_genes/bc2163_select_contigs_size1000.rna.gff 2>> assembly_metric/predicted_genes/barrnap.log
/usr/local/lib/python3.11/site-packages/quast_libs/barrnap/bin/barrnap --quiet -k \
bac --threads 1 assembly_metric/quast_corrected_input/bc2164_select_contigs_size1000.fasta \
> assembly_metric/predicted_genes/bc2164_select_contigs_size1000.rna.gff 2>> assembly_metric/predicted_genes/barrnap.log
/usr/local/lib/python3.11/site-packages/quast_libs/barrnap/bin/barrnap --quiet -k \
bac --threads 1 assembly_metric/quast_corrected_input/bc2165_select_contigs_size1000.fasta \
> assembly_metric/predicted_genes/bc2165_select_contigs_size1000.rna.gff 2>> assembly_metric/predicted_genes/barrnap.log
/usr/local/lib/python3.11/site-packages/quast_libs/barrnap/bin/barrnap --quiet -k \
bac --threads 1 assembly_metric/quast_corrected_input/bc2166_select_contigs_size1000.fasta \
> assembly_metric/predicted_genes/bc2166_select_contigs_size1000.rna.gff 2>> assembly_metric/predicted_genes/barrnap.log
/usr/local/lib/python3.11/site-packages/quast_libs/barrnap/bin/barrnap --quiet -k \
bac --threads 1 assembly_metric/quast_corrected_input/bc2167_select_contigs_size1000.fasta \
> assembly_metric/predicted_genes/bc2167_select_contigs_size1000.rna.gff 2>> assembly_metric/predicted_genes/barrnap.log
/usr/local/lib/python3.11/site-packages/quast_libs/barrnap/bin/barrnap --quiet -k \
bac --threads 1 assembly_metric/quast_corrected_input/bc2168_select_contigs_size1000.fasta \
> assembly_metric/predicted_genes/bc2168_select_contigs_size1000.rna.gff 2>> assembly_metric/predicted_genes/barrnap.log
/usr/local/lib/python3.11/site-packages/quast_libs/barrnap/bin/barrnap --quiet -k \
bac --threads 1 assembly_metric/quast_corrected_input/bc2169_select_contigs_size1000.fasta \
> assembly_metric/predicted_genes/bc2169_select_contigs_size1000.rna.gff 2>> assembly_metric/predicted_genes/barrnap.log
/usr/local/lib/python3.11/site-packages/quast_libs/barrnap/bin/barrnap --quiet -k \
bac --threads 1 assembly_metric/quast_corrected_input/bc2170_select_contigs_size1000.fasta \
> assembly_metric/predicted_genes/bc2170_select_contigs_size1000.rna.gff 2>> assembly_metric/predicted_genes/barrnap.log
/usr/local/lib/python3.11/site-packages/quast_libs/barrnap/bin/barrnap --quiet -k \
bac --threads 1 assembly_metric/quast_corrected_input/bc2171_select_contigs_size1000.fasta \
> assembly_metric/predicted_genes/bc2171_select_contigs_size1000.rna.gff 2>> assembly_metric/predicted_genes/barrnap.log
/usr/local/lib/python3.11/site-packages/quast_libs/barrnap/bin/barrnap --quiet -k \
bac --threads 1 assembly_metric/quast_corrected_input/bc2172_select_contigs_size1000.fasta \
> assembly_metric/predicted_genes/bc2172_select_contigs_size1000.rna.gff 2>> assembly_metric/predicted_genes/barrnap.log
/usr/local/lib/python3.11/site-packages/quast_libs/barrnap/bin/barrnap --quiet -k \
bac --threads 1 assembly_metric/quast_corrected_input/bc2173_select_contigs_size1000.fasta \
> assembly_metric/predicted_genes/bc2173_select_contigs_size1000.rna.gff 2>> assembly_metric/predicted_genes/barrnap.log
/usr/local/lib/python3.11/site-packages/quast_libs/barrnap/bin/barrnap --quiet -k \
bac --threads 1 assembly_metric/quast_corrected_input/bc2174_select_contigs_size1000.fasta \
> assembly_metric/predicted_genes/bc2174_select_contigs_size1000.rna.gff 2>> assembly_metric/predicted_genes/barrnap.log
/usr/local/lib/python3.11/site-packages/quast_libs/barrnap/bin/barrnap --quiet -k \
bac --threads 1 assembly_metric/quast_corrected_input/bc2175_select_contigs_size1000.fasta \
> assembly_metric/predicted_genes/bc2175_select_contigs_size1000.rna.gff 2>> assembly_metric/predicted_genes/barrnap.log
/usr/local/lib/python3.11/site-packages/quast_libs/barrnap/bin/barrnap --quiet -k \
bac --threads 1 assembly_metric/quast_corrected_input/bc2176_select_contigs_size1000.fasta \
> assembly_metric/predicted_genes/bc2176_select_contigs_size1000.rna.gff 2>> assembly_metric/predicted_genes/barrnap.log
  1    Ribosomal RNA genes = 102
  1    Predicted genes (GFF): /data/users/fkurz/metagenomics/output_hifiasm_01/work/e0/b1c951babe84989eb0e7d10a1e1947/assembly_metric/predicted_genes/bc2121_select_contigs_size1000.rna.gff
  2    Ribosomal RNA genes = 340
  2    Predicted genes (GFF): /data/users/fkurz/metagenomics/output_hifiasm_01/work/e0/b1c951babe84989eb0e7d10a1e1947/assembly_metric/predicted_genes/bc2122_select_contigs_size1000.rna.gff
  3    Ribosomal RNA genes = 176
  3    Predicted genes (GFF): /data/users/fkurz/metagenomics/output_hifiasm_01/work/e0/b1c951babe84989eb0e7d10a1e1947/assembly_metric/predicted_genes/bc2123_select_contigs_size1000.rna.gff
  4    Ribosomal RNA genes = 188
  4    Predicted genes (GFF): /data/users/fkurz/metagenomics/output_hifiasm_01/work/e0/b1c951babe84989eb0e7d10a1e1947/assembly_metric/predicted_genes/bc2124_select_contigs_size1000.rna.gff
  5    Ribosomal RNA genes = 146
  5    Predicted genes (GFF): /data/users/fkurz/metagenomics/output_hifiasm_01/work/e0/b1c951babe84989eb0e7d10a1e1947/assembly_metric/predicted_genes/bc2125_select_contigs_size1000.rna.gff
  6    Ribosomal RNA genes = 3771
  6    Predicted genes (GFF): /data/users/fkurz/metagenomics/output_hifiasm_01/work/e0/b1c951babe84989eb0e7d10a1e1947/assembly_metric/predicted_genes/bc2126_select_contigs_size1000.rna.gff
  7    Ribosomal RNA genes = 2158
  7    Predicted genes (GFF): /data/users/fkurz/metagenomics/output_hifiasm_01/work/e0/b1c951babe84989eb0e7d10a1e1947/assembly_metric/predicted_genes/bc2127_select_contigs_size1000.rna.gff
  8    Ribosomal RNA genes = 2799
  8    Predicted genes (GFF): /data/users/fkurz/metagenomics/output_hifiasm_01/work/e0/b1c951babe84989eb0e7d10a1e1947/assembly_metric/predicted_genes/bc2128_select_contigs_size1000.rna.gff
  9    Ribosomal RNA genes = 241
  9    Predicted genes (GFF): /data/users/fkurz/metagenomics/output_hifiasm_01/work/e0/b1c951babe84989eb0e7d10a1e1947/assembly_metric/predicted_genes/bc2161_select_contigs_size1000.rna.gff
  10   Ribosomal RNA genes = 372
  10   Predicted genes (GFF): /data/users/fkurz/metagenomics/output_hifiasm_01/work/e0/b1c951babe84989eb0e7d10a1e1947/assembly_metric/predicted_genes/bc2162_select_contigs_size1000.rna.gff
  11   Ribosomal RNA genes = 175
  11   Predicted genes (GFF): /data/users/fkurz/metagenomics/output_hifiasm_01/work/e0/b1c951babe84989eb0e7d10a1e1947/assembly_metric/predicted_genes/bc2163_select_contigs_size1000.rna.gff
  12   Ribosomal RNA genes = 136
  12   Predicted genes (GFF): /data/users/fkurz/metagenomics/output_hifiasm_01/work/e0/b1c951babe84989eb0e7d10a1e1947/assembly_metric/predicted_genes/bc2164_select_contigs_size1000.rna.gff
  13   Ribosomal RNA genes = 203
  13   Predicted genes (GFF): /data/users/fkurz/metagenomics/output_hifiasm_01/work/e0/b1c951babe84989eb0e7d10a1e1947/assembly_metric/predicted_genes/bc2165_select_contigs_size1000.rna.gff
  14   Ribosomal RNA genes = 305
  14   Predicted genes (GFF): /data/users/fkurz/metagenomics/output_hifiasm_01/work/e0/b1c951babe84989eb0e7d10a1e1947/assembly_metric/predicted_genes/bc2166_select_contigs_size1000.rna.gff
  15   Ribosomal RNA genes = 205
  15   Predicted genes (GFF): /data/users/fkurz/metagenomics/output_hifiasm_01/work/e0/b1c951babe84989eb0e7d10a1e1947/assembly_metric/predicted_genes/bc2167_select_contigs_size1000.rna.gff
  16   Ribosomal RNA genes = 59
  16   Predicted genes (GFF): /data/users/fkurz/metagenomics/output_hifiasm_01/work/e0/b1c951babe84989eb0e7d10a1e1947/assembly_metric/predicted_genes/bc2168_select_contigs_size1000.rna.gff
  17   Ribosomal RNA genes = 426
  17   Predicted genes (GFF): /data/users/fkurz/metagenomics/output_hifiasm_01/work/e0/b1c951babe84989eb0e7d10a1e1947/assembly_metric/predicted_genes/bc2169_select_contigs_size1000.rna.gff
  18   Ribosomal RNA genes = 173
  18   Predicted genes (GFF): /data/users/fkurz/metagenomics/output_hifiasm_01/work/e0/b1c951babe84989eb0e7d10a1e1947/assembly_metric/predicted_genes/bc2170_select_contigs_size1000.rna.gff
  19   Ribosomal RNA genes = 266
  19   Predicted genes (GFF): /data/users/fkurz/metagenomics/output_hifiasm_01/work/e0/b1c951babe84989eb0e7d10a1e1947/assembly_metric/predicted_genes/bc2171_select_contigs_size1000.rna.gff
  20   Ribosomal RNA genes = 284
  20   Predicted genes (GFF): /data/users/fkurz/metagenomics/output_hifiasm_01/work/e0/b1c951babe84989eb0e7d10a1e1947/assembly_metric/predicted_genes/bc2172_select_contigs_size1000.rna.gff
  21   Ribosomal RNA genes = 240
  21   Predicted genes (GFF): /data/users/fkurz/metagenomics/output_hifiasm_01/work/e0/b1c951babe84989eb0e7d10a1e1947/assembly_metric/predicted_genes/bc2173_select_contigs_size1000.rna.gff
  22   Ribosomal RNA genes = 211
  22   Predicted genes (GFF): /data/users/fkurz/metagenomics/output_hifiasm_01/work/e0/b1c951babe84989eb0e7d10a1e1947/assembly_metric/predicted_genes/bc2174_select_contigs_size1000.rna.gff
  23   Ribosomal RNA genes = 34
  23   Predicted genes (GFF): /data/users/fkurz/metagenomics/output_hifiasm_01/work/e0/b1c951babe84989eb0e7d10a1e1947/assembly_metric/predicted_genes/bc2175_select_contigs_size1000.rna.gff
  24   Ribosomal RNA genes = 61
  24   Predicted genes (GFF): /data/users/fkurz/metagenomics/output_hifiasm_01/work/e0/b1c951babe84989eb0e7d10a1e1947/assembly_metric/predicted_genes/bc2176_select_contigs_size1000.rna.gff
Done.

2025-12-11 19:13:26
Creating large visual summaries...
This may take a while: press Ctrl-C to skip this step..
  1 of 2: Creating PDF with all tables and plots...
  2 of 2: Creating Icarus viewers...
Done

2025-12-11 19:14:10
RESULTS:
  Text versions of total report are saved to /data/users/fkurz/metagenomics/output_hifiasm_01/work/e0/b1c951babe84989eb0e7d10a1e1947/assembly_metric/report.txt, report.tsv, and report.tex
  Text versions of transposed total report are saved to /data/users/fkurz/metagenomics/output_hifiasm_01/work/e0/b1c951babe84989eb0e7d10a1e1947/assembly_metric/transposed_report.txt, transposed_report.tsv, and transposed_report.tex
  HTML version (interactive tables and plots) is saved to /data/users/fkurz/metagenomics/output_hifiasm_01/work/e0/b1c951babe84989eb0e7d10a1e1947/assembly_metric/report.html
  PDF version (tables and plots) is saved to /data/users/fkurz/metagenomics/output_hifiasm_01/work/e0/b1c951babe84989eb0e7d10a1e1947/assembly_metric/report.pdf
  Icarus (contig browser) is saved to /data/users/fkurz/metagenomics/output_hifiasm_01/work/e0/b1c951babe84989eb0e7d10a1e1947/assembly_metric/icarus.html
  Log is saved to /data/users/fkurz/metagenomics/output_hifiasm_01/work/e0/b1c951babe84989eb0e7d10a1e1947/assembly_metric/quast.log

Finished: 2025-12-11 19:14:10
Elapsed time: 0:18:47.119508
NOTICEs: 2; WARNINGs: 0; non-fatal ERRORs: 0

Thank you for using QUAST!
